<?xml version="1.0" encoding="UTF-8"?>
<!-- Generated by org.testng.reporters.JUnitXMLReporter -->
<testsuite ignored="0" hostname="DESKTOP-HSAPT3H" failures="0" tests="4" name="Appointment Booking Tests" time="75.994" errors="0" timestamp="2026-04-26T20:32:21 IST">
  <testcase classname="tests.AppointmentBookingTest" name="verifyAppointmentBooking" time="3.106"/>
  <testcase classname="tests.AppointmentBookingTest" name="verifyAppointmentDetails" time="2.527"/>
  <testcase classname="tests.AppointmentBookingTest" name="verifyPastDateBehavior" time="2.967"/>
  <testcase classname="tests.AppointmentBookingTest" name="verifyReadmissionCheckbox" time="4.041"/>
</testsuite> <!-- Appointment Booking Tests -->
