<?xml version="1.0" encoding="UTF-8"?>
<!-- Generated by org.testng.reporters.JUnitXMLReporter -->
<testsuite ignored="0" hostname="DESKTOP-HSAPT3H" failures="0" tests="3" name="Appointment History Tests" time="59.328" errors="0" timestamp="2026-04-26T20:33:12 IST">
  <testcase classname="tests.AppointmentHistoryTest" name="verifyHistoryContentDisplayed" time="7.591"/>
  <testcase classname="tests.AppointmentHistoryTest" name="verifyHistoryPageLoads" time="8.206"/>
  <testcase classname="tests.AppointmentHistoryTest" name="verifyLatestAppointmentInHistory" time="5.651"/>
</testsuite> <!-- Appointment History Tests -->
