<?xml version="1.0" encoding="UTF-8"?>
<!-- Generated by org.testng.reporters.JUnitXMLReporter -->
<testsuite ignored="0" hostname="DESKTOP-HSAPT3H" failures="0" tests="3" name="Form Validations Tests" time="46.695" errors="0" timestamp="2026-04-26T20:33:34 IST">
  <testcase classname="tests.FormValidationsTest" name="verifyEmptyDateValidation" time="5.913"/>
  <testcase classname="tests.FormValidationsTest" name="verifyEmptyLoginValidation" time="1.627"/>
  <testcase classname="tests.FormValidationsTest" name="verifyLongCommentAccepted" time="4.363"/>
</testsuite> <!-- Form Validations Tests -->
