<?xml version="1.0" encoding="UTF-8"?>
<!-- Generated by org.testng.reporters.JUnitXMLReporter -->
<testsuite ignored="0" hostname="DESKTOP-HSAPT3H" failures="0" tests="4" name="User Authentication Tests" time="67.009" errors="0" timestamp="2026-04-26T20:32:13 IST">
  <testcase classname="tests.LoginTest" name="verifyLogin" time="3.02"/>
  <testcase classname="tests.LoginTest" name="verifyLogin" time="2.091"/>
  <testcase classname="tests.LoginTest" name="verifyLogoutRedirectsToHomePage" time="4.659"/>
  <testcase classname="tests.LoginTest" name="verifyProtectedPageRedirectToLogin" time="3.812"/>
</testsuite> <!-- User Authentication Tests -->
