<?xml version="1.0" encoding="UTF-8"?>
<testng-results ignored="0" total="15" passed="15" failed="0" skipped="0">
  <reporter-output>
  </reporter-output>
  <suite started-at="2026-04-26T20:31:05 IST" name="Automation Suite" finished-at="2026-04-26T20:33:34 IST" duration-ms="149290">
    <groups>
    </groups>
    <test started-at="2026-04-26T20:31:05 IST" name="User Authentication Tests" finished-at="2026-04-26T20:32:12 IST" duration-ms="67009">
      <class name="tests.LoginTest">
        <test-method is-config="true" signature="setUp()[pri:0, instance:tests.LoginTest@1e4f4a5c]" started-at="2026-04-26T20:31:05 IST" name="setUp" finished-at="2026-04-26T20:31:20 IST" duration-ms="14922" status="PASS">
          <reporter-output>
          </reporter-output>
        </test-method> <!-- setUp -->
        <test-method signature="verifyLogin(java.lang.String,java.lang.String,java.lang.String)[pri:0, instance:tests.LoginTest@1e4f4a5c]" started-at="2026-04-26T20:31:20 IST" name="verifyLogin" data-provider="loginData" finished-at="2026-04-26T20:31:23 IST" duration-ms="3020" status="PASS">
          <params>
            <param index="0">
              <value>
                <![CDATA[John Doe]]>
              </value>
            </param>
            <param index="1">
              <value>
                <![CDATA[ThisIsNotAPassword]]>
              </value>
            </param>
            <param index="2">
              <value>
                <![CDATA[valid]]>
              </value>
            </param>
          </params>
          <reporter-output>
          </reporter-output>
        </test-method> <!-- verifyLogin -->
        <test-method is-config="true" signature="tearDown()[pri:0, instance:tests.LoginTest@1e4f4a5c]" started-at="2026-04-26T20:31:23 IST" name="tearDown" finished-at="2026-04-26T20:31:25 IST" duration-ms="2077" status="PASS">
          <reporter-output>
          </reporter-output>
        </test-method> <!-- tearDown -->
        <test-method is-config="true" signature="setUp()[pri:0, instance:tests.LoginTest@1e4f4a5c]" started-at="2026-04-26T20:31:25 IST" name="setUp" finished-at="2026-04-26T20:31:36 IST" duration-ms="11514" status="PASS">
          <reporter-output>
          </reporter-output>
        </test-method> <!-- setUp -->
        <test-method signature="verifyLogin(java.lang.String,java.lang.String,java.lang.String)[pri:0, instance:tests.LoginTest@1e4f4a5c]" started-at="2026-04-26T20:31:36 IST" name="verifyLogin" data-provider="loginData" finished-at="2026-04-26T20:31:38 IST" duration-ms="2091" status="PASS">
          <params>
            <param index="0">
              <value>
                <![CDATA[wrongUser]]>
              </value>
            </param>
            <param index="1">
              <value>
                <![CDATA[wrongPass]]>
              </value>
            </param>
            <param index="2">
              <value>
                <![CDATA[invalid]]>
              </value>
            </param>
          </params>
          <reporter-output>
          </reporter-output>
        </test-method> <!-- verifyLogin -->
        <test-method is-config="true" signature="tearDown()[pri:0, instance:tests.LoginTest@1e4f4a5c]" started-at="2026-04-26T20:31:38 IST" name="tearDown" finished-at="2026-04-26T20:31:40 IST" duration-ms="1650" status="PASS">
          <reporter-output>
          </reporter-output>
        </test-method> <!-- tearDown -->
        <test-method is-config="true" signature="setUp()[pri:0, instance:tests.LoginTest@1e4f4a5c]" started-at="2026-04-26T20:31:40 IST" name="setUp" finished-at="2026-04-26T20:31:51 IST" duration-ms="11391" status="PASS">
          <reporter-output>
          </reporter-output>
        </test-method> <!-- setUp -->
        <test-method signature="verifyLogoutRedirectsToHomePage()[pri:0, instance:tests.LoginTest@1e4f4a5c]" started-at="2026-04-26T20:31:51 IST" name="verifyLogoutRedirectsToHomePage" finished-at="2026-04-26T20:31:56 IST" duration-ms="4659" status="PASS">
          <reporter-output>
          </reporter-output>
        </test-method> <!-- verifyLogoutRedirectsToHomePage -->
        <test-method is-config="true" signature="tearDown()[pri:0, instance:tests.LoginTest@1e4f4a5c]" started-at="2026-04-26T20:31:56 IST" name="tearDown" finished-at="2026-04-26T20:32:00 IST" duration-ms="4082" status="PASS">
          <reporter-output>
          </reporter-output>
        </test-method> <!-- tearDown -->
        <test-method is-config="true" signature="setUp()[pri:0, instance:tests.LoginTest@1e4f4a5c]" started-at="2026-04-26T20:32:00 IST" name="setUp" finished-at="2026-04-26T20:32:05 IST" duration-ms="5033" status="PASS">
          <reporter-output>
          </reporter-output>
        </test-method> <!-- setUp -->
        <test-method signature="verifyProtectedPageRedirectToLogin()[pri:0, instance:tests.LoginTest@1e4f4a5c]" started-at="2026-04-26T20:32:05 IST" name="verifyProtectedPageRedirectToLogin" finished-at="2026-04-26T20:32:09 IST" duration-ms="3812" status="PASS">
          <reporter-output>
          </reporter-output>
        </test-method> <!-- verifyProtectedPageRedirectToLogin -->
        <test-method is-config="true" signature="tearDown()[pri:0, instance:tests.LoginTest@1e4f4a5c]" started-at="2026-04-26T20:32:09 IST" name="tearDown" finished-at="2026-04-26T20:32:12 IST" duration-ms="2615" status="PASS">
          <reporter-output>
          </reporter-output>
        </test-method> <!-- tearDown -->
      </class> <!-- tests.LoginTest -->
    </test> <!-- User Authentication Tests -->
    <test started-at="2026-04-26T20:31:05 IST" name="Appointment Booking Tests" finished-at="2026-04-26T20:32:21 IST" duration-ms="75994">
      <class name="tests.AppointmentBookingTest">
        <test-method is-config="true" signature="setUp()[pri:0, instance:tests.AppointmentBookingTest@70e38ce1]" started-at="2026-04-26T20:31:05 IST" name="setUp" finished-at="2026-04-26T20:31:16 IST" duration-ms="11129" status="PASS">
          <reporter-output>
          </reporter-output>
        </test-method> <!-- setUp -->
        <test-method is-config="true" signature="login()[pri:0, instance:tests.AppointmentBookingTest@70e38ce1]" started-at="2026-04-26T20:31:16 IST" name="login" finished-at="2026-04-26T20:31:18 IST" duration-ms="2185" status="PASS">
          <reporter-output>
          </reporter-output>
        </test-method> <!-- login -->
        <test-method signature="verifyAppointmentBooking()[pri:0, instance:tests.AppointmentBookingTest@70e38ce1]" started-at="2026-04-26T20:31:18 IST" name="verifyAppointmentBooking" finished-at="2026-04-26T20:31:21 IST" duration-ms="3106" status="PASS">
          <reporter-output>
          </reporter-output>
        </test-method> <!-- verifyAppointmentBooking -->
        <test-method is-config="true" signature="tearDown()[pri:0, instance:tests.AppointmentBookingTest@70e38ce1]" started-at="2026-04-26T20:31:21 IST" name="tearDown" finished-at="2026-04-26T20:31:22 IST" duration-ms="1033" status="PASS">
          <reporter-output>
          </reporter-output>
        </test-method> <!-- tearDown -->
        <test-method is-config="true" signature="setUp()[pri:0, instance:tests.AppointmentBookingTest@70e38ce1]" started-at="2026-04-26T20:31:22 IST" name="setUp" finished-at="2026-04-26T20:31:36 IST" duration-ms="14036" status="PASS">
          <reporter-output>
          </reporter-output>
        </test-method> <!-- setUp -->
        <test-method is-config="true" signature="login()[pri:0, instance:tests.AppointmentBookingTest@70e38ce1]" started-at="2026-04-26T20:31:36 IST" name="login" finished-at="2026-04-26T20:31:39 IST" duration-ms="2704" status="PASS">
          <reporter-output>
          </reporter-output>
        </test-method> <!-- login -->
        <test-method signature="verifyAppointmentDetails()[pri:0, instance:tests.AppointmentBookingTest@70e38ce1]" started-at="2026-04-26T20:31:39 IST" name="verifyAppointmentDetails" finished-at="2026-04-26T20:31:42 IST" duration-ms="2527" status="PASS">
          <reporter-output>
          </reporter-output>
        </test-method> <!-- verifyAppointmentDetails -->
        <test-method is-config="true" signature="tearDown()[pri:0, instance:tests.AppointmentBookingTest@70e38ce1]" started-at="2026-04-26T20:31:42 IST" name="tearDown" finished-at="2026-04-26T20:31:46 IST" duration-ms="4081" status="PASS">
          <reporter-output>
          </reporter-output>
        </test-method> <!-- tearDown -->
        <test-method is-config="true" signature="setUp()[pri:0, instance:tests.AppointmentBookingTest@70e38ce1]" started-at="2026-04-26T20:31:46 IST" name="setUp" finished-at="2026-04-26T20:31:53 IST" duration-ms="7543" status="PASS">
          <reporter-output>
          </reporter-output>
        </test-method> <!-- setUp -->
        <test-method is-config="true" signature="login()[pri:0, instance:tests.AppointmentBookingTest@70e38ce1]" started-at="2026-04-26T20:31:53 IST" name="login" finished-at="2026-04-26T20:31:55 IST" duration-ms="1921" status="PASS">
          <reporter-output>
          </reporter-output>
        </test-method> <!-- login -->
        <test-method signature="verifyPastDateBehavior()[pri:0, instance:tests.AppointmentBookingTest@70e38ce1]" started-at="2026-04-26T20:31:55 IST" name="verifyPastDateBehavior" finished-at="2026-04-26T20:31:58 IST" duration-ms="2967" status="PASS">
          <reporter-output>
          </reporter-output>
        </test-method> <!-- verifyPastDateBehavior -->
        <test-method is-config="true" signature="tearDown()[pri:0, instance:tests.AppointmentBookingTest@70e38ce1]" started-at="2026-04-26T20:31:58 IST" name="tearDown" finished-at="2026-04-26T20:32:01 IST" duration-ms="2760" status="PASS">
          <reporter-output>
          </reporter-output>
        </test-method> <!-- tearDown -->
        <test-method is-config="true" signature="setUp()[pri:0, instance:tests.AppointmentBookingTest@70e38ce1]" started-at="2026-04-26T20:32:01 IST" name="setUp" finished-at="2026-04-26T20:32:12 IST" duration-ms="10839" status="PASS">
          <reporter-output>
          </reporter-output>
        </test-method> <!-- setUp -->
        <test-method is-config="true" signature="login()[pri:0, instance:tests.AppointmentBookingTest@70e38ce1]" started-at="2026-04-26T20:32:12 IST" name="login" finished-at="2026-04-26T20:32:13 IST" duration-ms="1754" status="PASS">
          <reporter-output>
          </reporter-output>
        </test-method> <!-- login -->
        <test-method signature="verifyReadmissionCheckbox()[pri:0, instance:tests.AppointmentBookingTest@70e38ce1]" started-at="2026-04-26T20:32:13 IST" name="verifyReadmissionCheckbox" finished-at="2026-04-26T20:32:17 IST" duration-ms="4041" status="PASS">
          <reporter-output>
          </reporter-output>
        </test-method> <!-- verifyReadmissionCheckbox -->
        <test-method is-config="true" signature="tearDown()[pri:0, instance:tests.AppointmentBookingTest@70e38ce1]" started-at="2026-04-26T20:32:17 IST" name="tearDown" finished-at="2026-04-26T20:32:21 IST" duration-ms="3202" status="PASS">
          <reporter-output>
          </reporter-output>
        </test-method> <!-- tearDown -->
      </class> <!-- tests.AppointmentBookingTest -->
    </test> <!-- Appointment Booking Tests -->
    <test started-at="2026-04-26T20:32:21 IST" name="Multiple Appointments Tests" finished-at="2026-04-26T20:32:47 IST" duration-ms="26426">
      <class name="tests.MultipleAppointmentsTest">
        <test-method is-config="true" signature="setUp()[pri:0, instance:tests.MultipleAppointmentsTest@4b2c5e02]" started-at="2026-04-26T20:32:21 IST" name="setUp" finished-at="2026-04-26T20:32:31 IST" duration-ms="10162" status="PASS">
          <reporter-output>
          </reporter-output>
        </test-method> <!-- setUp -->
        <test-method is-config="true" signature="login()[pri:0, instance:tests.MultipleAppointmentsTest@4b2c5e02]" started-at="2026-04-26T20:32:31 IST" name="login" finished-at="2026-04-26T20:32:34 IST" duration-ms="2775" status="PASS">
          <reporter-output>
          </reporter-output>
        </test-method> <!-- login -->
        <test-method signature="verifyMultipleAppointmentsAndSorting()[pri:0, instance:tests.MultipleAppointmentsTest@4b2c5e02]" started-at="2026-04-26T20:32:34 IST" name="verifyMultipleAppointmentsAndSorting" finished-at="2026-04-26T20:32:42 IST" duration-ms="8534" status="PASS">
          <reporter-output>
          </reporter-output>
        </test-method> <!-- verifyMultipleAppointmentsAndSorting -->
        <test-method is-config="true" signature="tearDown()[pri:0, instance:tests.MultipleAppointmentsTest@4b2c5e02]" started-at="2026-04-26T20:32:42 IST" name="tearDown" finished-at="2026-04-26T20:32:47 IST" duration-ms="4951" status="PASS">
          <reporter-output>
          </reporter-output>
        </test-method> <!-- tearDown -->
      </class> <!-- tests.MultipleAppointmentsTest -->
    </test> <!-- Multiple Appointments Tests -->
    <test started-at="2026-04-26T20:32:13 IST" name="Appointment History Tests" finished-at="2026-04-26T20:33:12 IST" duration-ms="59328">
      <class name="tests.AppointmentHistoryTest">
        <test-method is-config="true" signature="setUp()[pri:0, instance:tests.AppointmentHistoryTest@6f8e8894]" started-at="2026-04-26T20:32:13 IST" name="setUp" finished-at="2026-04-26T20:32:21 IST" duration-ms="8037" status="PASS">
          <reporter-output>
          </reporter-output>
        </test-method> <!-- setUp -->
        <test-method signature="verifyHistoryContentDisplayed()[pri:0, instance:tests.AppointmentHistoryTest@6f8e8894]" started-at="2026-04-26T20:32:21 IST" name="verifyHistoryContentDisplayed" finished-at="2026-04-26T20:32:29 IST" duration-ms="7591" status="PASS">
          <reporter-output>
          </reporter-output>
        </test-method> <!-- verifyHistoryContentDisplayed -->
        <test-method is-config="true" signature="tearDown()[pri:0, instance:tests.AppointmentHistoryTest@6f8e8894]" started-at="2026-04-26T20:32:29 IST" name="tearDown" finished-at="2026-04-26T20:32:30 IST" duration-ms="1077" status="PASS">
          <reporter-output>
          </reporter-output>
        </test-method> <!-- tearDown -->
        <test-method is-config="true" signature="setUp()[pri:0, instance:tests.AppointmentHistoryTest@6f8e8894]" started-at="2026-04-26T20:32:30 IST" name="setUp" finished-at="2026-04-26T20:32:37 IST" duration-ms="7068" status="PASS">
          <reporter-output>
          </reporter-output>
        </test-method> <!-- setUp -->
        <test-method signature="verifyHistoryPageLoads()[pri:0, instance:tests.AppointmentHistoryTest@6f8e8894]" started-at="2026-04-26T20:32:37 IST" name="verifyHistoryPageLoads" finished-at="2026-04-26T20:32:45 IST" duration-ms="8206" status="PASS">
          <reporter-output>
          </reporter-output>
        </test-method> <!-- verifyHistoryPageLoads -->
        <test-method is-config="true" signature="tearDown()[pri:0, instance:tests.AppointmentHistoryTest@6f8e8894]" started-at="2026-04-26T20:32:45 IST" name="tearDown" finished-at="2026-04-26T20:32:47 IST" duration-ms="2146" status="PASS">
          <reporter-output>
          </reporter-output>
        </test-method> <!-- tearDown -->
        <test-method is-config="true" signature="setUp()[pri:0, instance:tests.AppointmentHistoryTest@6f8e8894]" started-at="2026-04-26T20:32:47 IST" name="setUp" finished-at="2026-04-26T20:33:02 IST" duration-ms="15297" status="PASS">
          <reporter-output>
          </reporter-output>
        </test-method> <!-- setUp -->
        <test-method signature="verifyLatestAppointmentInHistory()[pri:0, instance:tests.AppointmentHistoryTest@6f8e8894]" started-at="2026-04-26T20:33:02 IST" name="verifyLatestAppointmentInHistory" finished-at="2026-04-26T20:33:08 IST" duration-ms="5651" status="PASS">
          <reporter-output>
          </reporter-output>
        </test-method> <!-- verifyLatestAppointmentInHistory -->
        <test-method is-config="true" signature="tearDown()[pri:0, instance:tests.AppointmentHistoryTest@6f8e8894]" started-at="2026-04-26T20:33:08 IST" name="tearDown" finished-at="2026-04-26T20:33:12 IST" duration-ms="4242" status="PASS">
          <reporter-output>
          </reporter-output>
        </test-method> <!-- tearDown -->
      </class> <!-- tests.AppointmentHistoryTest -->
    </test> <!-- Appointment History Tests -->
    <test started-at="2026-04-26T20:32:47 IST" name="Form Validations Tests" finished-at="2026-04-26T20:33:34 IST" duration-ms="46695">
      <class name="tests.FormValidationsTest">
        <test-method is-config="true" signature="setUp()[pri:0, instance:tests.FormValidationsTest@43015c69]" started-at="2026-04-26T20:32:47 IST" name="setUp" finished-at="2026-04-26T20:32:54 IST" duration-ms="7179" status="PASS">
          <reporter-output>
          </reporter-output>
        </test-method> <!-- setUp -->
        <test-method signature="verifyEmptyDateValidation()[pri:0, instance:tests.FormValidationsTest@43015c69]" started-at="2026-04-26T20:32:54 IST" name="verifyEmptyDateValidation" finished-at="2026-04-26T20:33:00 IST" duration-ms="5913" status="PASS">
          <reporter-output>
          </reporter-output>
        </test-method> <!-- verifyEmptyDateValidation -->
        <test-method is-config="true" signature="tearDown()[pri:0, instance:tests.FormValidationsTest@43015c69]" started-at="2026-04-26T20:33:00 IST" name="tearDown" finished-at="2026-04-26T20:33:04 IST" duration-ms="3365" status="PASS">
          <reporter-output>
          </reporter-output>
        </test-method> <!-- tearDown -->
        <test-method is-config="true" signature="setUp()[pri:0, instance:tests.FormValidationsTest@43015c69]" started-at="2026-04-26T20:33:04 IST" name="setUp" finished-at="2026-04-26T20:33:16 IST" duration-ms="11964" status="PASS">
          <reporter-output>
          </reporter-output>
        </test-method> <!-- setUp -->
        <test-method signature="verifyEmptyLoginValidation()[pri:0, instance:tests.FormValidationsTest@43015c69]" started-at="2026-04-26T20:33:16 IST" name="verifyEmptyLoginValidation" finished-at="2026-04-26T20:33:17 IST" duration-ms="1627" status="PASS">
          <reporter-output>
          </reporter-output>
        </test-method> <!-- verifyEmptyLoginValidation -->
        <test-method is-config="true" signature="tearDown()[pri:0, instance:tests.FormValidationsTest@43015c69]" started-at="2026-04-26T20:33:17 IST" name="tearDown" finished-at="2026-04-26T20:33:19 IST" duration-ms="1323" status="PASS">
          <reporter-output>
          </reporter-output>
        </test-method> <!-- tearDown -->
        <test-method is-config="true" signature="setUp()[pri:0, instance:tests.FormValidationsTest@43015c69]" started-at="2026-04-26T20:33:19 IST" name="setUp" finished-at="2026-04-26T20:33:28 IST" duration-ms="9711" status="PASS">
          <reporter-output>
          </reporter-output>
        </test-method> <!-- setUp -->
        <test-method signature="verifyLongCommentAccepted()[pri:0, instance:tests.FormValidationsTest@43015c69]" started-at="2026-04-26T20:33:28 IST" name="verifyLongCommentAccepted" finished-at="2026-04-26T20:33:33 IST" duration-ms="4363" status="PASS">
          <reporter-output>
          </reporter-output>
        </test-method> <!-- verifyLongCommentAccepted -->
        <test-method is-config="true" signature="tearDown()[pri:0, instance:tests.FormValidationsTest@43015c69]" started-at="2026-04-26T20:33:33 IST" name="tearDown" finished-at="2026-04-26T20:33:34 IST" duration-ms="1231" status="PASS">
          <reporter-output>
          </reporter-output>
        </test-method> <!-- tearDown -->
      </class> <!-- tests.FormValidationsTest -->
    </test> <!-- Form Validations Tests -->
  </suite> <!-- Automation Suite -->
</testng-results>
