<?xml version="1.0" encoding="UTF-8"?>
<!-- Generated by org.testng.reporters.JUnitReportReporter -->
<testsuite hostname="DESKTOP-HSAPT3H" failures="0" tests="3" name="tests.FormValidationsTest" time="46.676" errors="0" timestamp="2026-04-26T20:33:35 IST" skipped="0">
  <testcase classname="tests.FormValidationsTest" name="verifyLongCommentAccepted" time="14.907"/>
  <testcase classname="tests.FormValidationsTest" name="verifyEmptyLoginValidation" time="14.822"/>
  <testcase classname="tests.FormValidationsTest" name="verifyEmptyDateValidation" time="16.947"/>
</testsuite> <!-- tests.FormValidationsTest -->
