<?xml version="1.0" encoding="UTF-8"?>
<!-- Generated by org.testng.reporters.JUnitReportReporter -->
<testsuite hostname="DESKTOP-HSAPT3H" failures="0" tests="3" name="tests.AppointmentHistoryTest" time="59.315" errors="0" timestamp="2026-04-26T20:33:35 IST" skipped="0">
  <testcase classname="tests.AppointmentHistoryTest" name="verifyHistoryPageLoads" time="17.420"/>
  <testcase classname="tests.AppointmentHistoryTest" name="verifyLatestAppointmentInHistory" time="25.190"/>
  <testcase classname="tests.AppointmentHistoryTest" name="verifyHistoryContentDisplayed" time="16.705"/>
</testsuite> <!-- tests.AppointmentHistoryTest -->
