<?xml version="1.0" encoding="UTF-8"?>
<!-- Generated by org.testng.reporters.JUnitReportReporter -->
<testsuite hostname="DESKTOP-HSAPT3H" failures="0" tests="4" name="tests.AppointmentBookingTest" time="75.828" errors="0" timestamp="2026-04-26T20:33:35 IST" skipped="0">
  <testcase classname="tests.AppointmentBookingTest" name="verifyAppointmentDetails" time="20.300"/>
  <testcase classname="tests.AppointmentBookingTest" name="verifyAppointmentBooking" time="16.915"/>
  <testcase classname="tests.AppointmentBookingTest" name="verifyReadmissionCheckbox" time="19.561"/>
  <testcase classname="tests.AppointmentBookingTest" name="verifyPastDateBehavior" time="19.052"/>
</testsuite> <!-- tests.AppointmentBookingTest -->
