<?xml version="1.0" encoding="UTF-8"?>
<!-- Generated by org.testng.reporters.JUnitReportReporter -->
<testsuite hostname="DESKTOP-HSAPT3H" failures="0" tests="4" name="tests.LoginTest" time="66.866" errors="0" timestamp="2026-04-26T20:33:35 IST" skipped="0">
  <testcase classname="tests.LoginTest" name="verifyLogin" time="15.682"/>
  <testcase classname="tests.LoginTest" name="verifyLogoutRedirectsToHomePage" time="11.342"/>
  <testcase classname="tests.LoginTest" name="verifyProtectedPageRedirectToLogin" time="22.816"/>
  <testcase classname="tests.LoginTest" name="verifyLogin" time="17.026"/>
</testsuite> <!-- tests.LoginTest -->
