<?xml version="1.0" encoding="UTF-8"?>
<!-- Generated by org.testng.reporters.JUnitXMLReporter -->
<testsuite ignored="0" hostname="DESKTOP-HSAPT3H" failures="0" tests="4" name="Default test" time="92.821" errors="0" timestamp="2026-04-26T20:30:16 IST">
  <testcase classname="tests.LoginTest" name="verifyLogin" time="3.692"/>
  <testcase classname="tests.LoginTest" name="verifyLogin" time="3.674"/>
  <testcase classname="tests.LoginTest" name="verifyLogoutRedirectsToHomePage" time="7.211"/>
  <testcase classname="tests.LoginTest" name="verifyProtectedPageRedirectToLogin" time="0.696"/>
</testsuite> <!-- Default test -->
